<?xml version="1.0" encoding="UTF-8"?>
<!-- Generated by org.testng.reporters.JUnitReportReporter -->
<testsuite hostname="LAPTOP-9OJGKDBU" failures="0" tests="5" name="csee.UserValidationTest" time="0.022" errors="0" timestamp="2023-11-03T21:09:03 IST" skipped="0">
  <testcase classname="csee.UserValidationTest" name="testCase1" time="0.019"/>
  <testcase classname="csee.UserValidationTest" name="testCase4" time="0.000"/>
  <testcase classname="csee.UserValidationTest" name="testCase2" time="0.001"/>
  <testcase classname="csee.UserValidationTest" name="testCase5" time="0.001"/>
  <testcase classname="csee.UserValidationTest" name="testCase3" time="0.001"/>
</testsuite> <!-- csee.UserValidationTest -->
